JUnit version 4.13
.E
Time: 0
There was 1 failure:
1) evaluatesExpression(CalculatorTest)
java.lang.AssertionError: expected:<7> but was:<6>
	at org.junit.Assert.fail(Assert.java:89)
	at org.junit.Assert.failNotEquals(Assert.java:835)
	at org.junit.Assert.assertEquals(Assert.java:647)
	at org.junit.Assert.assertEquals(Assert.java:633)
	at CalculatorTest.evaluatesExpression(CalculatorTest.java:21)

FAILURES!!!
Tests run: 1,  Failures: 1

